[debug] [2020-10-07T13:49:00.506Z] ----------------------------------------------------------------------
[debug] [2020-10-07T13:49:00.513Z] Command:       /usr/bin/node /usr/local/bin/firebase init
[debug] [2020-10-07T13:49:00.514Z] CLI Version:   8.11.2
[debug] [2020-10-07T13:49:00.514Z] Platform:      linux
[debug] [2020-10-07T13:49:00.515Z] Node Version:  v10.21.0
[debug] [2020-10-07T13:49:00.660Z] Time:          Wed Oct 07 2020 19:19:00 GMT+0530 (India Standard Time)
[debug] [2020-10-07T13:49:00.660Z] ----------------------------------------------------------------------
[debug] [2020-10-07T13:49:00.661Z] 
[debug] [2020-10-07T13:49:00.764Z] > command requires scopes: ["email","openid","https://www.googleapis.com/auth/cloudplatformprojects.readonly","https://www.googleapis.com/auth/firebase","https://www.googleapis.com/auth/cloud-platform"]
[debug] [2020-10-07T13:49:00.765Z] > authorizing via signed-in user
[info] 
     ######## #### ########  ######## ########     ###     ######  ########
     ##        ##  ##     ## ##       ##     ##  ##   ##  ##       ##
     ######    ##  ########  ######   ########  #########  ######  ######
     ##        ##  ##    ##  ##       ##     ## ##     ##       ## ##
     ##       #### ##     ## ######## ########  ##     ##  ######  ########

You're about to initialize a Firebase project in this directory:

  /home/rootz491/JavaScript-basics/text491

Before we get started, keep in mind:

  * You are initializing in an existing Firebase project directory

[info] 
=== Project Setup
[info] 
[info] First, let's associate this project directory with a Firebase project.
[info] You can create multiple project aliases by running firebase use --add, 
[info] but for now we'll just set up a default project.
[info] 
[info] i  .firebaserc already has a default project, using first-app-491. 
[debug] [2020-10-07T13:49:25.370Z] > refreshing access token with scopes: ["email","https://www.googleapis.com/auth/cloud-platform","https://www.googleapis.com/auth/cloudplatformprojects.readonly","https://www.googleapis.com/auth/firebase","openid"]
[debug] [2020-10-07T13:49:25.371Z] >>> HTTP REQUEST POST https://www.googleapis.com/oauth2/v3/token  
 <request body omitted>
[debug] [2020-10-07T13:49:31.894Z] <<< HTTP RESPONSE 200 {"content-type":"application/json; charset=utf-8","vary":"X-Origin, Referer, Origin,Accept-Encoding","date":"Wed, 07 Oct 2020 13:51:18 GMT","server":"scaffolding on HTTPServer2","cache-control":"private","x-xss-protection":"0","x-frame-options":"SAMEORIGIN","x-content-type-options":"nosniff","alt-svc":"h3-Q050=\":443\"; ma=2592000,h3-29=\":443\"; ma=2592000,h3-27=\":443\"; ma=2592000,h3-T051=\":443\"; ma=2592000,h3-T050=\":443\"; ma=2592000,h3-Q046=\":443\"; ma=2592000,h3-Q043=\":443\"; ma=2592000,quic=\":443\"; ma=2592000; v=\"46,43\"","accept-ranges":"none","transfer-encoding":"chunked"}
[debug] [2020-10-07T13:49:31.933Z] >>> HTTP REQUEST GET https://firebase.googleapis.com/v1beta1/projects/first-app-491  
 
[debug] [2020-10-07T13:49:32.899Z] <<< HTTP RESPONSE 200 {"content-type":"application/json; charset=UTF-8","vary":"X-Origin, Referer, Origin,Accept-Encoding","date":"Wed, 07 Oct 2020 13:51:19 GMT","server":"ESF","cache-control":"private","x-xss-protection":"0","x-frame-options":"SAMEORIGIN","x-content-type-options":"nosniff","alt-svc":"h3-Q050=\":443\"; ma=2592000,h3-29=\":443\"; ma=2592000,h3-27=\":443\"; ma=2592000,h3-T051=\":443\"; ma=2592000,h3-T050=\":443\"; ma=2592000,h3-Q046=\":443\"; ma=2592000,h3-Q043=\":443\"; ma=2592000,quic=\":443\"; ma=2592000; v=\"46,43\"","accept-ranges":"none","transfer-encoding":"chunked"}
[info] 
=== Database Setup
[info] 
[info] Firebase Realtime Database Rules allow you to define how your data should be
[info] structured and when your data can be read from and written to.
[info] 
[debug] [2020-10-07T13:49:44.665Z] ----------------------------------------------------------------------
[debug] [2020-10-07T13:49:44.669Z] Command:       /usr/bin/node /usr/local/bin/firebase init
[debug] [2020-10-07T13:49:44.670Z] CLI Version:   8.11.2
[debug] [2020-10-07T13:49:44.670Z] Platform:      linux
[debug] [2020-10-07T13:49:44.670Z] Node Version:  v10.21.0
[debug] [2020-10-07T13:49:44.671Z] Time:          Wed Oct 07 2020 19:19:44 GMT+0530 (India Standard Time)
[debug] [2020-10-07T13:49:44.671Z] ----------------------------------------------------------------------
[debug] [2020-10-07T13:49:44.671Z] 
[debug] [2020-10-07T13:49:44.679Z] > command requires scopes: ["email","openid","https://www.googleapis.com/auth/cloudplatformprojects.readonly","https://www.googleapis.com/auth/firebase","https://www.googleapis.com/auth/cloud-platform"]
[debug] [2020-10-07T13:49:44.679Z] > authorizing via signed-in user
[info] 
     ######## #### ########  ######## ########     ###     ######  ########
     ##        ##  ##     ## ##       ##     ##  ##   ##  ##       ##
     ######    ##  ########  ######   ########  #########  ######  ######
     ##        ##  ##    ##  ##       ##     ## ##     ##       ## ##
     ##       #### ##     ## ######## ########  ##     ##  ######  ########

You're about to initialize a Firebase project in this directory:

  /home/rootz491/JavaScript-basics/text491

Before we get started, keep in mind:

  * You are initializing in an existing Firebase project directory

